host: cn019
start: 2026-05-06T11:07:34+01:00
[1m[34m[1/5] notebooks/02_msstats.qmd[39m[22m
[1m[34m[2/5] notebooks/03_DE_plots.qmd[39m[22m
[31m

processing file: 03_DE_plots.qmd
[39m1/15                  
2/15 [setup]          
3/15                  
4/15 [unnamed-chunk-1]
5/15                  
6/15 [unnamed-chunk-2]
7/15                  
8/15 [unnamed-chunk-3]
9/15                  
10/15 [unnamed-chunk-4]
11/15                  
12/15 [unnamed-chunk-5]
13/15                  
14/15 [unnamed-chunk-6]
15/15                  
[31moutput file: 03_DE_plots.knit.md

[39m[1m[34m[3/5] notebooks/01_initial_qc.qmd[39m[22m
[1m[34m[4/5] sample_metadata.md[39m[22m
[1m[34m[5/5] index.qmd[39m[22m

Output created: docs/index.html

end: 2026-05-06T11:08:24+01:00
