INFO  [2026-05-06 10:38:42] MSstats - groupComparison function
INFO  [2026-05-06 10:38:42] labeled = FALSE
INFO  [2026-05-06 10:38:42] scopeOfBioReplication = expanded
INFO  [2026-05-06 10:38:43] Case control design of experiment - okay
INFO  [2026-05-06 10:38:43] == Start to test and get inference in whole plot
INFO  [2026-05-06 10:38:46] *** error: results of protein B3SHH9 for comparison KO_vs_WT are NA because there are measurements only in a single group
INFO  [2026-05-06 10:38:48] *** error: results of protein O00519 for comparison KO_vs_WT are NA because there are measurements only in a single group
INFO  [2026-05-06 10:39:06] *** error: results of protein P12388 for comparison KO_vs_WT are NA because there are measurements only in a single group
INFO  [2026-05-06 10:39:06] *** error: results of protein P13164 for comparison KO_vs_WT are NA because there are measurements only in a single group
INFO  [2026-05-06 10:39:16] *** error: results of protein P40967 for comparison KO_vs_WT are NA because there are measurements only in a single group
INFO  [2026-05-06 10:39:18] *** error: results of protein P48455 for comparison KO_vs_WT are NA because there are measurements only in a single group
INFO  [2026-05-06 10:39:28] *** error: results of protein P70284;Q8C0Y1 for comparison KO_vs_WT are NA because there are measurements only in a single group
INFO  [2026-05-06 10:39:28] *** error: results of protein P70694;Q8K023;Q91WR5 for comparison KO_vs_WT are NA because there are measurements only in a single group
INFO  [2026-05-06 10:39:37] *** error: results of protein Q15021 for comparison KO_vs_WT are NA because there are measurements only in a single group
INFO  [2026-05-06 10:39:42] *** error: results of protein Q3UF25 for comparison KO_vs_WT are NA because there are measurements only in a single group
INFO  [2026-05-06 10:39:43] *** error: results of protein Q3V0C1 for comparison KO_vs_WT are NA because there are measurements only in a single group
INFO  [2026-05-06 10:39:43] *** error: results of protein Q497I4 for comparison KO_vs_WT are NA because there are measurements only in a single group
INFO  [2026-05-06 10:39:44] *** error: results of protein Q4V9Z5 for comparison KO_vs_WT are NA because there are measurements only in a single group
INFO  [2026-05-06 10:39:45] *** error: results of protein Q5J8M3 for comparison KO_vs_WT are NA because there are measurements only in a single group
INFO  [2026-05-06 10:39:48] *** error: results of protein Q60855 for comparison KO_vs_WT are NA because there are measurements only in a single group
INFO  [2026-05-06 10:39:51] *** error: results of protein Q63739 for comparison KO_vs_WT are NA because there are measurements only in a single group
INFO  [2026-05-06 10:39:59] *** error: results of protein Q7TN60 for comparison KO_vs_WT are NA because there are measurements only in a single group
INFO  [2026-05-06 10:40:00] *** error: results of protein Q7Z6B7 for comparison KO_vs_WT are NA because there are measurements only in a single group
INFO  [2026-05-06 10:40:03] *** error: results of protein Q86SG5 for comparison KO_vs_WT are NA because there are measurements only in a single group
INFO  [2026-05-06 10:40:03] *** error: results of protein Q86SQ9 for comparison KO_vs_WT are NA because there are measurements only in a single group
INFO  [2026-05-06 10:40:06] *** error: results of protein Q8BIY3 for comparison KO_vs_WT are NA because there are measurements only in a single group
INFO  [2026-05-06 10:40:07] *** error: results of protein Q8BND5 for comparison KO_vs_WT are NA because there are measurements only in a single group
INFO  [2026-05-06 10:40:11] *** error: results of protein Q8CDC0 for comparison KO_vs_WT are NA because there are measurements only in a single group
INFO  [2026-05-06 10:40:33] *** error: results of protein Q96DR8 for comparison KO_vs_WT are NA because there are measurements only in a single group
INFO  [2026-05-06 10:40:33] *** error: results of protein Q96G97 for comparison KO_vs_WT are NA because there are measurements only in a single group
INFO  [2026-05-06 10:40:34] *** error: results of protein Q96L46 for comparison KO_vs_WT are NA because there are measurements only in a single group
INFO  [2026-05-06 10:40:35] *** error: results of protein Q96N96 for comparison KO_vs_WT are NA because there are measurements only in a single group
INFO  [2026-05-06 10:40:44] *** error: results of protein Q9CQ28 for comparison KO_vs_WT are NA because there are measurements only in a single group
INFO  [2026-05-06 10:40:55] *** error: results of protein Q9GZY0;Q9H1B4 for comparison KO_vs_WT are NA because there are measurements only in a single group
INFO  [2026-05-06 10:41:11] *** error: results of protein Q9WUI1 for comparison KO_vs_WT are NA because there are measurements only in a single group
INFO  [2026-05-06 10:41:17] == Comparisons for all proteins are done.
INFO  [2026-05-06 10:41:19] The output for groupComparison is ready.
